403 Top100 URL:
32 /software/winvn/winvn.html/wvsmall.gif
32 /software/winvn/winvn.html/winvn.gif
32 /software/winvn/winvn.html/bluemarb.gif
12 /ksc.html/images/ksclogo-medium.gif
10 /ksc.html/images/WORLD-logosmall.gif
10 /ksc.html/images/USA-logosmall.gif
10 /ksc.html/images/NASA-logosmall.gif
10 /ksc.html/images/MOSAIC-logosmall.gif
5 /ksc.html/facts/about_ksc.html
4 /ksc.html/shuttle/missions/missions.html
3 /ksc.html/shuttle/technology/sts-newsref/stsref-toc.html
2 /ksc.html/Library/Florida/Employment
2 /ksc.html/history/history.html
2 /ksc.html/facts/facts.html
1 /msfc/astro_home.html/astro_home3.gif
1 /ksc.html/thesarge
1 /ksc.html/facilities/tour.html
1 /ksc.html/elv/elvpage.htm
1 /history/mercury/mr-3/mr-3.html/mr-3-3patch.gif

404 Top100 URL:
1337 /pub/winvn/readme.txt
1185 /pub/winvn/release.txt
683 /shuttle/missions/STS-69/mission-STS-69.html
319 /images/nasa-logo.gif
253 /shuttle/missions/sts-68/ksc-upclose.gif
209 /elv/DELTA/uncons.htm
200 /history/apollo/sa-1/sa-1-patch-small.gif
166 /://spacelink.msfc.nasa.gov
160 /images/crawlerway-logo.gif
154 /history/apollo/a-001/a-001-patch-small.gif
144 /history/apollo/pad-abort-test-1/pad-abort-test-1-patch-small.gif
85 /images/Nasa-logo.gif
84 /history/apollo/images/little-joe.jpg
83 /shuttle/resources/orbiters/discovery.gif
82 /shuttle/resources/orbiters/atlantis.gif
78 /shuttle/resources/orbiters/challenger.gif
78 /robots.txt
77 /images/lf-logo.gif
64 /elv/new01.gif>
57 /software/winvn/winvn.html.
57 /pub
56 /history/apollo/sa-3/sa-3-patch-small.gif
52 /pub/
51 /shuttle/missions/technology/sts-newsref/stsref-toc.html
51 /history/apollo/sa-5/sa-5-patch-small.gif
51 /history/apollo/pad-abort-test-2/pad-abort-test-2-patch-small.gif
50 /history/apollo/sa-2/sa-2-patch-small.gif
44 /shuttle/missions/sts-79/mission-sts-79.html
43 /SDG/Experimental/demoweb/return.gif
41 /%3A//spacelink.msfc.nasa.gov
40 /shuttle/missions/sts-69-mission-sts-69.html
38 /history/apollo/sa-1/images/
34 /shuttle/technology/sts-newsref/stsref-to.html
33 /shuttle/missions/sts-71/video/landing.gif
33 /shuttle/countdown/video/livevideo.jpeg
32 /pub/win3/winvn
32 /%3A/spacelink.msfc.nasa.gov
31 /shuttle/countdown/count69.gif
31 /history/apollo/sa-1/movies/
30 /shuttle/missions/51-L/mission-51-1.html
29 /history/apollo/a-001/images/
27 /history/apollo/pad-abort-test-1/images/
26 /history/apollo/sa-9/sa-9-patch-small.gif
26 /history/apollo/pad-abort-test-1/movies/
26 /history/apollo/a-001/movies/
25 /persons/astronauts/q-to-t/TrulyRH.txt
24 /shuttle/technology/images/sts-cron-72-small.gif
24 /pub/winvn
23 /people/nasa-cm/jmd.html
22 /shuttle/missions/sts-71/images/KSC-95EC-0916.txt
22 /icons/image.xb
22 /history/apollo/sa-1/sounds/
22 /history/apollo/a-003/a-003-patch-small.gif
21 /elv/SCOUT/elvhead2.gif
20 /shuttle/missions/sts-77/sts-77-press-kit.txt
20 /kcs.html
20 /de/systems.html
19 /pub/winvn/
19 /history/apollo/a-004/a-004-patch-small.gif
19 /history/apollo/a-002/a-002-patch-small.gif
19 /history/apollo/a-001/news/
19 /history/apollo/a-001/docs/
18 /software/winvn.html
18 /msfc/astro_home.htmll
18 /images/spaceport-logo.gif
18 /history/apollo/apollo-13.html
17 /history/apollo/sa-7/sa-7-patch-small.gif
17 /history/apollo/sa-1/docs/
15 /shuttle/news/sci.space.news/50
15 /PTS/thin_strip2.gif
15 /history/apollo/pad-abort-test-1/sounds/
14 /shuttle/missions/sts-80/mission-sts-80.html
14 /shuttle/aussat
14 /LDAR/ldar.jpg
14 /i
14 /history/apollo/sa-1/news/
13 /shuttle/technology/images/sts-comm-small.gif
13 /history/apollo/a-001/sounds/
12 /shuttle/missions/sts-67/images/k95p0391.gif
12 /pub.win3.winvn
12 /payloads/systems.html
12 /history.html
12 /history/apollo/sa-6/sa-6-patch-small.gif
12 /history/apollo/pad-abort-test-1/news/
11 /winvn
11 /shuttle/missions/sts-69/images/contact69.gif
11 /images/crawlerway.gif
11 /home/internet-search.html
11 /history/apollo/apollo-13-info.html
11 /HISTORY/APOLLO/APOLLO-13/APOLLO-13-INFO.HTML
11 /~c592282/pics/home_but.gif
11 /~c592282/pics/background/pattern5.gif
10 /missions
10 /ksc.htm1
10 /history/apollo/sa-2/images/
10 /history/apollo/pad-abort-test-1/docs/
10 /history/apollo.html
10 /history/apollo-13/apollo-13.html
10 /elv/uplink.htm
9 /shuttle/missions/sts-63/sts-63-press-kit.tx

